


ARM Macro Assembler    Page 1 


    1 00000000         
    2 00000000                 AREA             SVC_TABLE, CODE, READONLY
    3 00000000         
    4 00000000                 EXPORT           SVC_Count
    5 00000000         
    6 00000000 00000000 
                       SVC_Cnt EQU              (SVC_End-SVC_Table)/4
    7 00000000 00000000 
                       SVC_Count
                               DCD              SVC_Cnt
    8 00000004         
    9 00000004         ; Import user SVC functions here.
   10 00000004         ;               IMPORT  __SVC_1
   11 00000004         
   12 00000004                 EXPORT           SVC_Table
   13 00000004         SVC_Table
   14 00000004         ; Insert user SVC functions here. SVC 0 used by RTL Kern
                       el.
   15 00000004         ;               DCD     __SVC_1                 ; user S
                       VC function
   16 00000004         
   17 00000004         SVC_End
   18 00000004         
   19 00000004                 END
Command Line: --debug --xref --diag_suppress=9931 --cpu=Cortex-M4.fp --apcs=int
erwork --depend=.\objects\svc_table.d -o.\objects\svc_table.o -I.\RTE\_nRF52832
_DK -IC:\Users\janeg\AppData\Local\Arm\Packs\ARM\CMSIS\5.6.0\CMSIS\Core\Include
 -IC:\Users\janeg\AppData\Local\Arm\Packs\ARM\CMSIS\5.6.0\CMSIS\RTOS\RTX\INC -I
C:\Users\janeg\AppData\Local\Arm\Packs\NordicSemiconductor\nRF_DeviceFamilyPack
\8.24.1\Device\Include --predefine="__RTX SETA 1" --predefine="__EVAL SETA 1" -
-predefine="__UVISION_VERSION SETA 528" --predefine="_RTE_ SETA 1" --predefine=
"NRF52 SETA 1" --list=.\listings\svc_table.lst SVC_Table.s



ARM Macro Assembler    Page 1 Alphabetic symbol ordering
Relocatable symbols

SVC_Count 00000000

Symbol: SVC_Count
   Definitions
      At line 7 in file SVC_Table.s
   Uses
      At line 4 in file SVC_Table.s
Comment: SVC_Count used once
SVC_End 00000004

Symbol: SVC_End
   Definitions
      At line 17 in file SVC_Table.s
   Uses
      At line 6 in file SVC_Table.s
Comment: SVC_End used once
SVC_TABLE 00000000

Symbol: SVC_TABLE
   Definitions
      At line 2 in file SVC_Table.s
   Uses
      None
Comment: SVC_TABLE unused
SVC_Table 00000004

Symbol: SVC_Table
   Definitions
      At line 13 in file SVC_Table.s
   Uses
      At line 6 in file SVC_Table.s
      At line 12 in file SVC_Table.s

4 symbols



ARM Macro Assembler    Page 1 Alphabetic symbol ordering
Absolute symbols

SVC_Cnt 00000000

Symbol: SVC_Cnt
   Definitions
      At line 6 in file SVC_Table.s
   Uses
      At line 7 in file SVC_Table.s
Comment: SVC_Cnt used once
1 symbol
340 symbols in table
